<?xml version="1.0" encoding="UTF-8"?>
<testng-results skipped="0" failed="0" ignored="0" total="1" passed="1">
  <reporter-output>
  </reporter-output>
  <suite name="Command line suite" duration-ms="71" started-at="2022-06-09T17:35:21 EEST" finished-at="2022-06-09T17:35:21 EEST">
    <groups>
    </groups>
    <test name="Command line test" duration-ms="71" started-at="2022-06-09T17:35:21 EEST" finished-at="2022-06-09T17:35:21 EEST">
      <class name="TestOne">
        <test-method status="PASS" signature="doit()[pri:0, instance:TestOne@47ef968d]" name="doit" duration-ms="5" started-at="2022-06-09T17:35:21 EEST" finished-at="2022-06-09T17:35:21 EEST">
          <reporter-output>
          </reporter-output>
        </test-method> <!-- doit -->
      </class> <!-- TestOne -->
    </test> <!-- Command line test -->
  </suite> <!-- Command line suite -->
</testng-results>
